<?xml version="1.1" encoding="UTF-8"?>
<testsuite name="awl.frontsolutions.SampleTest" tests="1" failures="0" errors="0" timestamp="2013-08-23T12:19:13" hostname="L80576" time="0.018">
  <properties/>
  <testcase name="length of Spock's and his friends' names" classname="awl.frontsolutions.SampleTest" time="0.018"/>
  <system-out><![CDATA[]]></system-out>
  <system-err><![CDATA[]]></system-err>
</testsuite>
