<?xml version="1.1" encoding="UTF-8"?>
<testsuite name="awl.frontsolutions.ContactFormSpec" tests="24" failures="0" errors="0" timestamp="2013-11-06T09:49:33" hostname="L80576" time="21.687">
  <properties/>
  <testcase name="label associated to input namecontact" classname="awl.frontsolutions.ContactFormSpec" time="1.041"/>
  <testcase name="label associated to input emailcontact" classname="awl.frontsolutions.ContactFormSpec" time="1.146"/>
  <testcase name="label associated to input bodycontact" classname="awl.frontsolutions.ContactFormSpec" time="1.087"/>
  <testcase name="Email field should have a type=email for /Portal/Index" classname="awl.frontsolutions.ContactFormSpec" time="1.101"/>
  <testcase name="Email field should have a type=email for /Portal/About" classname="awl.frontsolutions.ContactFormSpec" time="0.426"/>
  <testcase name="Email field should have a type=email for /Portal/AboutKawwa" classname="awl.frontsolutions.ContactFormSpec" time="0.761"/>
  <testcase name="Email field should have a type=email for /Portal/Accessibility" classname="awl.frontsolutions.ContactFormSpec" time="0.927"/>
  <testcase name="Email field should have a type=email for /Portal/Angular" classname="awl.frontsolutions.ContactFormSpec" time="1.064"/>
  <testcase name="Email field should have a type=email for /Portal/Component" classname="awl.frontsolutions.ContactFormSpec" time="1.281"/>
  <testcase name="Email field should have a type=email for /Portal/ComponentApproach" classname="awl.frontsolutions.ContactFormSpec" time="0.868"/>
  <testcase name="Email field should have a type=email for /Portal/Contact" classname="awl.frontsolutions.ContactFormSpec" time="0.909"/>
  <testcase name="Email field should have a type=email for /Portal/Documentation" classname="awl.frontsolutions.ContactFormSpec" time="0.795"/>
  <testcase name="Email field should have a type=email for /Portal/Download" classname="awl.frontsolutions.ContactFormSpec" time="0.856"/>
  <testcase name="Email field should have a type=email for /Portal/Faq" classname="awl.frontsolutions.ContactFormSpec" time="0.931"/>
  <testcase name="Email field should have a type=email for /Portal/HowTo" classname="awl.frontsolutions.ContactFormSpec" time="0.796"/>
  <testcase name="Email field should have a type=email for /Portal/IeFix" classname="awl.frontsolutions.ContactFormSpec" time="0.897"/>
  <testcase name="Email field should have a type=email for /Portal/KawwaPortal" classname="awl.frontsolutions.ContactFormSpec" time="0.812"/>
  <testcase name="Email field should have a type=email for /Portal/License" classname="awl.frontsolutions.ContactFormSpec" time="0.865"/>
  <testcase name="Email field should have a type=email for /Portal/Releases" classname="awl.frontsolutions.ContactFormSpec" time="0.697"/>
  <testcase name="Email field should have a type=email for /Portal/Login" classname="awl.frontsolutions.ContactFormSpec" time="0.851"/>
  <testcase name="Email field should have a type=email for /Portal/Tapestry" classname="awl.frontsolutions.ContactFormSpec" time="0.896"/>
  <testcase name="Email field should have a type=email for /Portal/Templates" classname="awl.frontsolutions.ContactFormSpec" time="0.91"/>
  <testcase name="Email field should have a type=email for /Portal/UnobtrusiveApproach" classname="awl.frontsolutions.ContactFormSpec" time="0.858"/>
  <testcase name="Email field should have a type=email for /Portal/Updates" classname="awl.frontsolutions.ContactFormSpec" time="0.894"/>
  <system-out><![CDATA[]]></system-out>
  <system-err><![CDATA[]]></system-err>
</testsuite>
