<?xml version="1.1" encoding="UTF-8"?>
<testsuite name="awl.frontsolutions.components.DataTableSpec" tests="1" failures="0" errors="0" timestamp="2013-11-06T09:50:45" hostname="L80576" time="1.088">
  <properties/>
  <testcase name="a th element should have a scope=col" classname="awl.frontsolutions.components.DataTableSpec" time="1.088"/>
  <system-out><![CDATA[]]></system-out>
  <system-err><![CDATA[]]></system-err>
</testsuite>
