<?xml version="1.1" encoding="UTF-8"?>
<testsuite name="awl.frontsolutions.FormatFileSizeTest" tests="4" failures="0" errors="0" timestamp="2013-10-21T12:09:04" hostname="L80576" time="0.072">
  <properties/>
  <testcase name="test formatFileSize method[0]" classname="awl.frontsolutions.FormatFileSizeTest" time="0.063"/>
  <testcase name="test formatFileSize method[1]" classname="awl.frontsolutions.FormatFileSizeTest" time="0.001"/>
  <testcase name="test formatFileSize method[2]" classname="awl.frontsolutions.FormatFileSizeTest" time="0.001"/>
  <testcase name="test formatFileSize method[3]" classname="awl.frontsolutions.FormatFileSizeTest" time="0.001"/>
  <system-out><![CDATA[]]></system-out>
  <system-err><![CDATA[]]></system-err>
</testsuite>
